<?xml version="1.0" encoding="UTF-8"?>
<testsuite xmlns:xsi="http://www.w3.org/2001/XMLSchema-instance" xsi:noNamespaceSchemaLocation="https://maven.apache.org/surefire/maven-surefire-plugin/xsd/surefire-test-report.xsd" name="com.validador.cpf.validadorCpf.ValidadorCpfApplicationTests" time="5.429" tests="12" errors="0" skipped="0" failures="0">
  <properties>
[...]
</properties>
  <testcase name="fazendoTesteDeCpfInvalido" classname="com.validador.cpf.validadorCpf.ValidadorCpfApplicationTests" time="0.301"/>
  <testcase name="fazendoTesteDeCpfInvalidoComPontos" classname="com.validador.cpf.validadorCpf.ValidadorCpfApplicationTests" time="0.002"/>
  <testcase name="fazendoTesteDeCpfValidoComEspacoNoFinal" classname="com.validador.cpf.validadorCpf.ValidadorCpfApplicationTests" time="0.004"/>
  <testcase name="fazendoTesteDeCpfInvalidoComPontosNumeroDiferente" classname="com.validador.cpf.validadorCpf.ValidadorCpfApplicationTests" time="0.005"/>
  <testcase name="fazendoTesteDeCpfValido" classname="com.validador.cpf.validadorCpf.ValidadorCpfApplicationTests" time="0.004"/>
  <testcase name="fazendoTesteDeCpfInvalidoComNumeroLouco" classname="com.validador.cpf.validadorCpf.ValidadorCpfApplicationTests" time="0.004"/>
  <testcase name="fazendoTesteDeCpfValidoComEspacoNoMeio" classname="com.validador.cpf.validadorCpf.ValidadorCpfApplicationTests" time="0.004"/>
  <testcase name="fazendoTesteDeCpfInvalidoComMaisNumeros" classname="com.validador.cpf.validadorCpf.ValidadorCpfApplicationTests" time="0.002"/>
  <testcase name="fazendoTesteDeCpfValidoComEspaco" classname="com.validador.cpf.validadorCpf.ValidadorCpfApplicationTests" time="0.003"/>
  <testcase name="fazendoTesteDeCpfInvalidoComLetra" classname="com.validador.cpf.validadorCpf.ValidadorCpfApplicationTests" time="0.011"/>
  <testcase name="fazendoTesteDeCpfValidoComPontos" classname="com.validador.cpf.validadorCpf.ValidadorCpfApplicationTests" time="0.022"/>
  <testcase name="fazendoTesteDeCpfInvalidoComCaracter" classname="com.validador.cpf.validadorCpf.ValidadorCpfApplicationTests" time="0.021"/>
</testsuite>